2026-01-31 00:03:21 [http-nio-8083-exec-1] INFO  o.a.c.c.C.[Tomcat].[localhost].[/] - Initializing Spring DispatcherServlet 'dispatcherServlet'
2026-01-31 00:03:21 [http-nio-8083-exec-1] INFO  o.s.web.servlet.DispatcherServlet - Initializing Servlet 'dispatcherServlet'
2026-01-31 00:03:21 [http-nio-8083-exec-1] INFO  o.s.web.servlet.DispatcherServlet - Completed initialization in 28 ms
2026-01-31 00:03:21 [http-nio-8083-exec-1] DEBUG o.s.security.web.FilterChainProxy - Securing GET /api/health
2026-01-31 00:03:21 [http-nio-8083-exec-1] DEBUG o.s.s.w.a.AnonymousAuthenticationFilter - Set SecurityContextHolder to anonymous SecurityContext
2026-01-31 00:03:21 [http-nio-8083-exec-1] DEBUG o.s.security.web.FilterChainProxy - Secured GET /api/health
2026-01-31 00:03:33 [http-nio-8083-exec-3] DEBUG o.s.security.web.FilterChainProxy - Securing POST /api/reserve-funds
2026-01-31 00:03:33 [http-nio-8083-exec-3] DEBUG o.s.s.w.a.AnonymousAuthenticationFilter - Set SecurityContextHolder to anonymous SecurityContext
2026-01-31 00:03:33 [http-nio-8083-exec-3] DEBUG o.s.s.w.a.Http403ForbiddenEntryPoint - Pre-authenticated entry point called. Rejecting access
2026-01-31 00:03:33 [http-nio-8083-exec-3] DEBUG o.s.security.web.FilterChainProxy - Securing GET /error
2026-01-31 00:03:33 [http-nio-8083-exec-3] DEBUG o.s.s.w.a.AnonymousAuthenticationFilter - Set SecurityContextHolder to anonymous SecurityContext
2026-01-31 00:03:33 [http-nio-8083-exec-3] DEBUG o.s.s.w.a.Http403ForbiddenEntryPoint - Pre-authenticated entry point called. Rejecting access
2026-01-31 00:05:47 [http-nio-8083-exec-6] DEBUG o.s.security.web.FilterChainProxy - Securing GET /api/health
2026-01-31 00:05:47 [http-nio-8083-exec-6] DEBUG o.s.s.w.a.AnonymousAuthenticationFilter - Set SecurityContextHolder to anonymous SecurityContext
2026-01-31 00:05:47 [http-nio-8083-exec-6] DEBUG o.s.security.web.FilterChainProxy - Secured GET /api/health
2026-01-31 00:05:50 [http-nio-8083-exec-5] DEBUG o.s.security.web.FilterChainProxy - Securing POST /api/reserve-funds
2026-01-31 00:05:50 [http-nio-8083-exec-5] DEBUG o.s.s.w.a.AnonymousAuthenticationFilter - Set SecurityContextHolder to anonymous SecurityContext
2026-01-31 00:05:50 [http-nio-8083-exec-5] DEBUG o.s.s.w.a.Http403ForbiddenEntryPoint - Pre-authenticated entry point called. Rejecting access
2026-01-31 00:05:50 [http-nio-8083-exec-5] DEBUG o.s.security.web.FilterChainProxy - Securing GET /error
2026-01-31 00:05:50 [http-nio-8083-exec-5] DEBUG o.s.s.w.a.AnonymousAuthenticationFilter - Set SecurityContextHolder to anonymous SecurityContext
2026-01-31 00:05:50 [http-nio-8083-exec-5] DEBUG o.s.s.w.a.Http403ForbiddenEntryPoint - Pre-authenticated entry point called. Rejecting access
2026-01-31 00:05:53 [http-nio-8083-exec-8] DEBUG o.s.security.web.FilterChainProxy - Securing POST /api/reserve-funds/deposit?userId=1&amount=500.00&description=Additional+deposit
2026-01-31 00:05:53 [http-nio-8083-exec-8] DEBUG o.s.s.w.a.AnonymousAuthenticationFilter - Set SecurityContextHolder to anonymous SecurityContext
2026-01-31 00:05:53 [http-nio-8083-exec-8] DEBUG o.s.s.w.a.Http403ForbiddenEntryPoint - Pre-authenticated entry point called. Rejecting access
2026-01-31 00:05:53 [http-nio-8083-exec-8] DEBUG o.s.security.web.FilterChainProxy - Securing GET /error?userId=1&amount=500.00&description=Additional+deposit
2026-01-31 00:05:53 [http-nio-8083-exec-8] DEBUG o.s.s.w.a.AnonymousAuthenticationFilter - Set SecurityContextHolder to anonymous SecurityContext
2026-01-31 00:05:53 [http-nio-8083-exec-8] DEBUG o.s.s.w.a.Http403ForbiddenEntryPoint - Pre-authenticated entry point called. Rejecting access
2026-01-31 00:05:55 [http-nio-8083-exec-7] DEBUG o.s.security.web.FilterChainProxy - Securing POST /api/reserve-funds/withdraw?userId=1&amount=200.00&description=Emergency+withdrawal
2026-01-31 00:05:55 [http-nio-8083-exec-7] DEBUG o.s.s.w.a.AnonymousAuthenticationFilter - Set SecurityContextHolder to anonymous SecurityContext
2026-01-31 00:05:55 [http-nio-8083-exec-7] DEBUG o.s.s.w.a.Http403ForbiddenEntryPoint - Pre-authenticated entry point called. Rejecting access
2026-01-31 00:05:55 [http-nio-8083-exec-7] DEBUG o.s.security.web.FilterChainProxy - Securing GET /error?userId=1&amount=200.00&description=Emergency+withdrawal
2026-01-31 00:05:55 [http-nio-8083-exec-7] DEBUG o.s.s.w.a.AnonymousAuthenticationFilter - Set SecurityContextHolder to anonymous SecurityContext
2026-01-31 00:05:55 [http-nio-8083-exec-7] DEBUG o.s.s.w.a.Http403ForbiddenEntryPoint - Pre-authenticated entry point called. Rejecting access
2026-01-31 00:05:58 [http-nio-8083-exec-9] DEBUG o.s.security.web.FilterChainProxy - Securing POST /api/reserve-funds/transfer?fromUserId=1&toUserId=2&amount=100.00&description=Gift
2026-01-31 00:05:58 [http-nio-8083-exec-9] DEBUG o.s.s.w.a.AnonymousAuthenticationFilter - Set SecurityContextHolder to anonymous SecurityContext
2026-01-31 00:05:58 [http-nio-8083-exec-9] DEBUG o.s.s.w.a.Http403ForbiddenEntryPoint - Pre-authenticated entry point called. Rejecting access
2026-01-31 00:05:58 [http-nio-8083-exec-9] DEBUG o.s.security.web.FilterChainProxy - Securing GET /error?fromUserId=1&toUserId=2&amount=100.00&description=Gift
2026-01-31 00:05:58 [http-nio-8083-exec-9] DEBUG o.s.s.w.a.AnonymousAuthenticationFilter - Set SecurityContextHolder to anonymous SecurityContext
2026-01-31 00:05:58 [http-nio-8083-exec-9] DEBUG o.s.s.w.a.Http403ForbiddenEntryPoint - Pre-authenticated entry point called. Rejecting access
2026-01-31 00:06:01 [http-nio-8083-exec-10] DEBUG o.s.security.web.FilterChainProxy - Securing GET /api/reserve-funds/1
2026-01-31 00:06:01 [http-nio-8083-exec-10] DEBUG o.s.s.w.a.AnonymousAuthenticationFilter - Set SecurityContextHolder to anonymous SecurityContext
2026-01-31 00:06:01 [http-nio-8083-exec-10] DEBUG o.s.s.w.a.Http403ForbiddenEntryPoint - Pre-authenticated entry point called. Rejecting access
2026-01-31 00:06:01 [http-nio-8083-exec-10] DEBUG o.s.security.web.FilterChainProxy - Securing GET /error
2026-01-31 00:06:01 [http-nio-8083-exec-10] DEBUG o.s.s.w.a.AnonymousAuthenticationFilter - Set SecurityContextHolder to anonymous SecurityContext
2026-01-31 00:06:01 [http-nio-8083-exec-10] DEBUG o.s.s.w.a.Http403ForbiddenEntryPoint - Pre-authenticated entry point called. Rejecting access
2026-01-31 00:06:03 [http-nio-8083-exec-1] DEBUG o.s.security.web.FilterChainProxy - Securing GET /api/reserve-funds/reference/REF-123456
2026-01-31 00:06:03 [http-nio-8083-exec-1] DEBUG o.s.s.w.a.AnonymousAuthenticationFilter - Set SecurityContextHolder to anonymous SecurityContext
2026-01-31 00:06:03 [http-nio-8083-exec-1] DEBUG o.s.s.w.a.Http403ForbiddenEntryPoint - Pre-authenticated entry point called. Rejecting access
2026-01-31 00:06:03 [http-nio-8083-exec-1] DEBUG o.s.security.web.FilterChainProxy - Securing GET /error
2026-01-31 00:06:03 [http-nio-8083-exec-1] DEBUG o.s.s.w.a.AnonymousAuthenticationFilter - Set SecurityContextHolder to anonymous SecurityContext
2026-01-31 00:06:03 [http-nio-8083-exec-1] DEBUG o.s.s.w.a.Http403ForbiddenEntryPoint - Pre-authenticated entry point called. Rejecting access
2026-01-31 00:06:06 [http-nio-8083-exec-9] DEBUG o.s.security.web.FilterChainProxy - Securing GET /api/reserve-funds/user/1
2026-01-31 00:06:06 [http-nio-8083-exec-9] DEBUG o.s.s.w.a.AnonymousAuthenticationFilter - Set SecurityContextHolder to anonymous SecurityContext
2026-01-31 00:06:06 [http-nio-8083-exec-9] DEBUG o.s.s.w.a.Http403ForbiddenEntryPoint - Pre-authenticated entry point called. Rejecting access
2026-01-31 00:06:06 [http-nio-8083-exec-9] DEBUG o.s.security.web.FilterChainProxy - Securing GET /error
2026-01-31 00:06:06 [http-nio-8083-exec-9] DEBUG o.s.s.w.a.AnonymousAuthenticationFilter - Set SecurityContextHolder to anonymous SecurityContext
2026-01-31 00:06:06 [http-nio-8083-exec-9] DEBUG o.s.s.w.a.Http403ForbiddenEntryPoint - Pre-authenticated entry point called. Rejecting access
2026-01-31 00:08:06 [SpringApplicationShutdownHook] INFO  o.s.boot.tomcat.GracefulShutdown - Commencing graceful shutdown. Waiting for active requests to complete
2026-01-31 00:08:06 [tomcat-shutdown] INFO  o.s.boot.tomcat.GracefulShutdown - Graceful shutdown complete
2026-01-31 00:08:06 [SpringApplicationShutdownHook] INFO  o.s.o.j.LocalContainerEntityManagerFactoryBean - Closing JPA EntityManagerFactory for persistence unit 'default'
2026-01-31 00:08:06 [SpringApplicationShutdownHook] WARN  o.s.b.f.s.DisposableBeanAdapter - Invocation of destroy method failed on bean with name 'inMemoryDatabaseShutdownExecutor': org.h2.jdbc.JdbcSQLNonTransientConnectionException: La base de données est déjà fermée (pour désactiver la fermeture automatique à l'arrêt de la VM, ajoutez "; DB_CLOSE_ON_EXIT = FALSE" à l'URL db)
Database is already closed (to disable automatic closing at VM shutdown, add ";DB_CLOSE_ON_EXIT=FALSE" to the db URL) [90121-240]
2026-01-31 00:08:06 [SpringApplicationShutdownHook] INFO  com.zaxxer.hikari.HikariDataSource - HikariPool-1 - Shutdown initiated...
2026-01-31 00:08:06 [SpringApplicationShutdownHook] INFO  com.zaxxer.hikari.HikariDataSource - HikariPool-1 - Shutdown completed.
2026-01-31 00:08:20 [restartedMain] INFO  c.l.r.ReserveFoundServiceApplication - Starting ReserveFoundServiceApplication using Java 25.0.2 with PID 11196 (C:\Projet java\LidCoin Project\reserveFound_service\reserveFound_service\target\classes started by HIDAYA in C:\Projet java\LidCoin Project\reserveFound_service)
2026-01-31 00:08:20 [restartedMain] DEBUG c.l.r.ReserveFoundServiceApplication - Running with Spring Boot v4.0.1, Spring v7.0.2
2026-01-31 00:08:20 [restartedMain] INFO  c.l.r.ReserveFoundServiceApplication - No active profile set, falling back to 1 default profile: "default"
2026-01-31 00:08:21 [restartedMain] INFO  o.s.b.d.e.DevToolsPropertyDefaultsPostProcessor - Devtools property defaults active! Set 'spring.devtools.add-properties' to 'false' to disable
2026-01-31 00:08:21 [restartedMain] INFO  o.s.b.d.e.DevToolsPropertyDefaultsPostProcessor - For additional web related logging consider setting the 'logging.level.web' property to 'DEBUG'
2026-01-31 00:08:23 [restartedMain] INFO  o.s.d.r.c.RepositoryConfigurationDelegate - Bootstrapping Spring Data JPA repositories in DEFAULT mode.
2026-01-31 00:08:23 [restartedMain] INFO  o.s.d.r.c.RepositoryConfigurationDelegate - Finished Spring Data repository scanning in 133 ms. Found 2 JPA repository interfaces.
2026-01-31 00:08:24 [restartedMain] INFO  o.s.cloud.context.scope.GenericScope - BeanFactory id=2a2c1f15-5ee9-3c92-99c5-a31ed7a70e43
2026-01-31 00:08:27 [restartedMain] INFO  o.s.boot.tomcat.TomcatWebServer - Tomcat initialized with port 8083 (http)
2026-01-31 00:08:27 [restartedMain] INFO  o.a.catalina.core.StandardService - Starting service [Tomcat]
2026-01-31 00:08:27 [restartedMain] INFO  o.a.catalina.core.StandardEngine - Starting Servlet engine: [Apache Tomcat/11.0.15]
2026-01-31 00:08:27 [restartedMain] INFO  o.s.b.w.c.s.WebApplicationContextInitializer - Root WebApplicationContext: initialization completed in 6408 ms
2026-01-31 00:08:27 [restartedMain] DEBUG c.l.r.i.s.JwtAuthenticationFilter - Filter 'jwtAuthenticationFilter' configured for use
2026-01-31 00:08:28 [restartedMain] INFO  org.hibernate.orm.jpa - HHH008540: Processing PersistenceUnitInfo [name: default]
2026-01-31 00:08:28 [restartedMain] INFO  org.hibernate.orm.core - HHH000001: Hibernate ORM core version 7.2.0.Final
2026-01-31 00:08:30 [restartedMain] INFO  o.s.o.j.p.SpringPersistenceUnitInfo - No LoadTimeWeaver setup: ignoring JPA class transformer
2026-01-31 00:08:30 [restartedMain] INFO  com.zaxxer.hikari.HikariDataSource - HikariPool-1 - Starting...
2026-01-31 00:08:30 [restartedMain] INFO  com.zaxxer.hikari.pool.HikariPool - HikariPool-1 - Added connection conn0: url=jdbc:h2:mem:reservefunddb user=SA
2026-01-31 00:08:30 [restartedMain] INFO  com.zaxxer.hikari.HikariDataSource - HikariPool-1 - Start completed.
2026-01-31 00:08:30 [restartedMain] WARN  org.hibernate.orm.deprecation - HHH90000025: H2Dialect does not need to be specified explicitly using 'hibernate.dialect' (remove the property setting and it will be selected by default)
2026-01-31 00:08:30 [restartedMain] INFO  o.hibernate.orm.connections.pooling - HHH10001005: Database info:
	Database JDBC URL [jdbc:h2:mem:reservefunddb]
	Database driver: H2 JDBC Driver
	Database dialect: H2Dialect
	Database version: 2.4.240
	Default catalog/schema: RESERVEFUNDDB/PUBLIC
	Autocommit mode: undefined/unknown
	Isolation level: READ_COMMITTED [default READ_COMMITTED]
	JDBC fetch size: 100
	Pool: DataSourceConnectionProvider
	Minimum pool size: undefined/unknown
	Maximum pool size: undefined/unknown
2026-01-31 00:08:32 [restartedMain] INFO  org.hibernate.orm.core - HHH000489: No JTA platform available (set 'hibernate.transaction.jta.platform' to enable JTA platform integration)
2026-01-31 00:08:33 [restartedMain] INFO  o.s.o.j.LocalContainerEntityManagerFactoryBean - Initialized JPA EntityManagerFactory for persistence unit 'default'
2026-01-31 00:08:33 [restartedMain] INFO  o.s.d.j.r.q.QueryEnhancerFactories - Hibernate is in classpath; If applicable, HQL parser will be used.
2026-01-31 00:08:35 [restartedMain] WARN  o.s.b.j.a.JpaBaseConfiguration$JpaWebConfiguration - spring.jpa.open-in-view is enabled by default. Therefore, database queries may be performed during view rendering. Explicitly configure spring.jpa.open-in-view to disable this warning
2026-01-31 00:08:35 [restartedMain] WARN  o.s.b.s.a.UserDetailsServiceAutoConfiguration - 

Using generated security password: b74c2529-04b3-4b93-b689-20e209136ba8

This generated password is for development use only. Your security configuration must be updated before running your application in production.

2026-01-31 00:08:35 [restartedMain] INFO  o.s.s.c.a.a.c.InitializeUserDetailsBeanManagerConfigurer$InitializeUserDetailsManagerConfigurer - Global AuthenticationManager configured with UserDetailsService bean with name inMemoryUserDetailsManager
2026-01-31 00:08:35 [restartedMain] DEBUG o.s.s.web.DefaultSecurityFilterChain - Will secure any request with filters: DisableEncodeUrlFilter, WebAsyncManagerIntegrationFilter, SecurityContextHolderFilter, HeaderWriterFilter, CorsFilter, LogoutFilter, JwtAuthenticationFilter, RequestCacheAwareFilter, SecurityContextHolderAwareRequestFilter, AnonymousAuthenticationFilter, SessionManagementFilter, ExceptionTranslationFilter, AuthorizationFilter
2026-01-31 00:08:36 [restartedMain] INFO  o.s.b.h.a.H2ConsoleAutoConfiguration - H2 console available at '/h2-console'. Database available at 'jdbc:h2:mem:reservefunddb'
2026-01-31 00:08:36 [restartedMain] INFO  o.s.b.a.e.web.EndpointLinksResolver - Exposing 3 endpoints beneath base path '/actuator'
2026-01-31 00:08:37 [restartedMain] INFO  o.s.boot.tomcat.TomcatWebServer - Tomcat started on port 8083 (http) with context path '/'
2026-01-31 00:08:37 [restartedMain] INFO  c.l.r.ReserveFoundServiceApplication - Started ReserveFoundServiceApplication in 17.284 seconds (process running for 18.846)
2026-01-31 00:08:41 [http-nio-8083-exec-1] INFO  o.a.c.c.C.[Tomcat].[localhost].[/] - Initializing Spring DispatcherServlet 'dispatcherServlet'
2026-01-31 00:08:41 [http-nio-8083-exec-1] INFO  o.s.web.servlet.DispatcherServlet - Initializing Servlet 'dispatcherServlet'
2026-01-31 00:08:41 [http-nio-8083-exec-1] INFO  o.s.web.servlet.DispatcherServlet - Completed initialization in 1 ms
2026-01-31 00:08:41 [http-nio-8083-exec-1] DEBUG o.s.security.web.FilterChainProxy - Securing GET /api/health
2026-01-31 00:08:42 [http-nio-8083-exec-1] DEBUG o.s.s.w.a.AnonymousAuthenticationFilter - Set SecurityContextHolder to anonymous SecurityContext
2026-01-31 00:08:42 [http-nio-8083-exec-1] DEBUG o.s.security.web.FilterChainProxy - Secured GET /api/health
2026-01-31 00:08:44 [http-nio-8083-exec-2] DEBUG o.s.security.web.FilterChainProxy - Securing POST /api/reserve-funds
2026-01-31 00:08:44 [http-nio-8083-exec-2] DEBUG o.s.s.w.a.AnonymousAuthenticationFilter - Set SecurityContextHolder to anonymous SecurityContext
2026-01-31 00:08:44 [http-nio-8083-exec-2] DEBUG o.s.security.web.FilterChainProxy - Secured POST /api/reserve-funds
2026-01-31 00:08:47 [http-nio-8083-exec-5] DEBUG o.s.security.web.FilterChainProxy - Securing POST /api/reserve-funds/deposit?userId=1&amount=500.00&description=Additional+deposit
2026-01-31 00:08:47 [http-nio-8083-exec-5] DEBUG o.s.s.w.a.AnonymousAuthenticationFilter - Set SecurityContextHolder to anonymous SecurityContext
2026-01-31 00:08:47 [http-nio-8083-exec-5] DEBUG o.s.security.web.FilterChainProxy - Secured POST /api/reserve-funds/deposit?userId=1&amount=500.00&description=Additional+deposit
2026-01-31 00:08:49 [http-nio-8083-exec-7] DEBUG o.s.security.web.FilterChainProxy - Securing POST /api/reserve-funds/withdraw?userId=1&amount=200.00&description=Emergency+withdrawal
2026-01-31 00:08:49 [http-nio-8083-exec-7] DEBUG o.s.s.w.a.AnonymousAuthenticationFilter - Set SecurityContextHolder to anonymous SecurityContext
2026-01-31 00:08:49 [http-nio-8083-exec-7] DEBUG o.s.security.web.FilterChainProxy - Secured POST /api/reserve-funds/withdraw?userId=1&amount=200.00&description=Emergency+withdrawal
2026-01-31 00:08:52 [http-nio-8083-exec-6] DEBUG o.s.security.web.FilterChainProxy - Securing POST /api/reserve-funds/transfer?fromUserId=1&toUserId=2&amount=100.00&description=Gift
2026-01-31 00:08:52 [http-nio-8083-exec-6] DEBUG o.s.s.w.a.AnonymousAuthenticationFilter - Set SecurityContextHolder to anonymous SecurityContext
2026-01-31 00:08:52 [http-nio-8083-exec-6] DEBUG o.s.security.web.FilterChainProxy - Secured POST /api/reserve-funds/transfer?fromUserId=1&toUserId=2&amount=100.00&description=Gift
2026-01-31 00:08:54 [http-nio-8083-exec-8] DEBUG o.s.security.web.FilterChainProxy - Securing GET /api/reserve-funds/1
2026-01-31 00:08:54 [http-nio-8083-exec-8] DEBUG o.s.s.w.a.AnonymousAuthenticationFilter - Set SecurityContextHolder to anonymous SecurityContext
2026-01-31 00:08:54 [http-nio-8083-exec-8] DEBUG o.s.security.web.FilterChainProxy - Secured GET /api/reserve-funds/1
2026-01-31 00:08:57 [http-nio-8083-exec-9] DEBUG o.s.security.web.FilterChainProxy - Securing GET /api/reserve-funds/reference/REF-123456
2026-01-31 00:08:57 [http-nio-8083-exec-9] DEBUG o.s.s.w.a.AnonymousAuthenticationFilter - Set SecurityContextHolder to anonymous SecurityContext
2026-01-31 00:08:57 [http-nio-8083-exec-9] DEBUG o.s.security.web.FilterChainProxy - Secured GET /api/reserve-funds/reference/REF-123456
2026-01-31 00:09:00 [http-nio-8083-exec-10] DEBUG o.s.security.web.FilterChainProxy - Securing GET /api/reserve-funds/user/1
2026-01-31 00:09:00 [http-nio-8083-exec-10] DEBUG o.s.s.w.a.AnonymousAuthenticationFilter - Set SecurityContextHolder to anonymous SecurityContext
2026-01-31 00:09:00 [http-nio-8083-exec-10] DEBUG o.s.security.web.FilterChainProxy - Secured GET /api/reserve-funds/user/1
2026-01-31 00:09:02 [http-nio-8083-exec-1] DEBUG o.s.security.web.FilterChainProxy - Securing GET /api/reserve-funds/status/ACTIVE
2026-01-31 00:09:02 [http-nio-8083-exec-1] DEBUG o.s.s.w.a.AnonymousAuthenticationFilter - Set SecurityContextHolder to anonymous SecurityContext
2026-01-31 00:09:02 [http-nio-8083-exec-1] DEBUG o.s.security.web.FilterChainProxy - Secured GET /api/reserve-funds/status/ACTIVE
2026-01-31 00:09:05 [http-nio-8083-exec-2] DEBUG o.s.security.web.FilterChainProxy - Securing GET /api/reserve-funds
2026-01-31 00:09:05 [http-nio-8083-exec-2] DEBUG o.s.s.w.a.AnonymousAuthenticationFilter - Set SecurityContextHolder to anonymous SecurityContext
2026-01-31 00:09:05 [http-nio-8083-exec-2] DEBUG o.s.security.web.FilterChainProxy - Secured GET /api/reserve-funds
2026-01-31 00:09:08 [http-nio-8083-exec-9] DEBUG o.s.security.web.FilterChainProxy - Securing GET /api/reserve-funds/user/1/balance
2026-01-31 00:09:08 [http-nio-8083-exec-9] DEBUG o.s.s.w.a.AnonymousAuthenticationFilter - Set SecurityContextHolder to anonymous SecurityContext
2026-01-31 00:09:08 [http-nio-8083-exec-9] DEBUG o.s.security.web.FilterChainProxy - Secured GET /api/reserve-funds/user/1/balance
2026-01-31 00:09:10 [http-nio-8083-exec-10] DEBUG o.s.security.web.FilterChainProxy - Securing GET /api/reserve-funds/balance/total
2026-01-31 00:09:10 [http-nio-8083-exec-10] DEBUG o.s.s.w.a.AnonymousAuthenticationFilter - Set SecurityContextHolder to anonymous SecurityContext
2026-01-31 00:09:10 [http-nio-8083-exec-10] DEBUG o.s.security.web.FilterChainProxy - Secured GET /api/reserve-funds/balance/total
2026-01-31 00:09:13 [http-nio-8083-exec-1] DEBUG o.s.security.web.FilterChainProxy - Securing PUT /api/reserve-funds/1/status?status=FROZEN
2026-01-31 00:09:13 [http-nio-8083-exec-1] DEBUG o.s.s.w.a.AnonymousAuthenticationFilter - Set SecurityContextHolder to anonymous SecurityContext
2026-01-31 00:09:13 [http-nio-8083-exec-1] DEBUG o.s.security.web.FilterChainProxy - Secured PUT /api/reserve-funds/1/status?status=FROZEN
2026-01-31 00:09:15 [http-nio-8083-exec-2] DEBUG o.s.security.web.FilterChainProxy - Securing DELETE /api/reserve-funds/1
2026-01-31 00:09:15 [http-nio-8083-exec-2] DEBUG o.s.s.w.a.AnonymousAuthenticationFilter - Set SecurityContextHolder to anonymous SecurityContext
2026-01-31 00:09:15 [http-nio-8083-exec-2] DEBUG o.s.security.web.FilterChainProxy - Secured DELETE /api/reserve-funds/1
2026-01-31 00:09:18 [http-nio-8083-exec-4] DEBUG o.s.security.web.FilterChainProxy - Securing GET /api/reserve-funds/user/1/history?startDate=2023-01-01T00:00:00&endDate=2025-12-31T23:59:59
2026-01-31 00:09:18 [http-nio-8083-exec-4] DEBUG o.s.s.w.a.AnonymousAuthenticationFilter - Set SecurityContextHolder to anonymous SecurityContext
2026-01-31 00:09:18 [http-nio-8083-exec-4] DEBUG o.s.security.web.FilterChainProxy - Secured GET /api/reserve-funds/user/1/history?startDate=2023-01-01T00:00:00&endDate=2025-12-31T23:59:59
2026-01-31 00:10:51 [SpringApplicationShutdownHook] INFO  o.s.boot.tomcat.GracefulShutdown - Commencing graceful shutdown. Waiting for active requests to complete
2026-01-31 00:10:51 [tomcat-shutdown] INFO  o.s.boot.tomcat.GracefulShutdown - Graceful shutdown complete
2026-01-31 00:10:51 [SpringApplicationShutdownHook] INFO  o.s.o.j.LocalContainerEntityManagerFactoryBean - Closing JPA EntityManagerFactory for persistence unit 'default'
2026-01-31 00:10:51 [SpringApplicationShutdownHook] WARN  o.s.b.f.s.DisposableBeanAdapter - Invocation of destroy method failed on bean with name 'inMemoryDatabaseShutdownExecutor': org.h2.jdbc.JdbcSQLNonTransientConnectionException: La base de données est déjà fermée (pour désactiver la fermeture automatique à l'arrêt de la VM, ajoutez "; DB_CLOSE_ON_EXIT = FALSE" à l'URL db)
Database is already closed (to disable automatic closing at VM shutdown, add ";DB_CLOSE_ON_EXIT=FALSE" to the db URL) [90121-240]
2026-01-31 00:10:51 [SpringApplicationShutdownHook] INFO  com.zaxxer.hikari.HikariDataSource - HikariPool-1 - Shutdown initiated...
2026-01-31 00:10:51 [SpringApplicationShutdownHook] INFO  com.zaxxer.hikari.HikariDataSource - HikariPool-1 - Shutdown completed.
